Compiling the C compiler identification source file "CMakeCCompilerId.c" failed.
Compiler: /Library/Developer/CommandLineTools/usr/bin/cc 
Build flags: 
Id flags:  

The output was:
1
ld: warning: directory not found for option '-L/Users/yiming/.miniconda/lib'
ld: warning: directory not found for option '-L/usr/local/Homebrew//lib'
ld: warning: directory not found for option '-L//lib'
ld: library not found for -lSystem
clang: error: linker command failed with exit code 1 (use -v to see invocation)


Compiling the CXX compiler identification source file "CMakeCXXCompilerId.cpp" failed.
Compiler: /Library/Developer/CommandLineTools/usr/bin/c++ 
Build flags: 
Id flags:  

The output was:
1
ld: warning: directory not found for option '-L/Users/yiming/.miniconda/lib'
ld: warning: directory not found for option '-L/usr/local/Homebrew//lib'
ld: warning: directory not found for option '-L//lib'
ld: library not found for -lc++
clang: error: linker command failed with exit code 1 (use -v to see invocation)


